mode: set
github.com/tommzn/go-log/context.go:16.57,18.2 1 1
github.com/tommzn/go-log/context.go:21.90,24.74 2 1
github.com/tommzn/go-log/context.go:27.2,27.60 1 1
github.com/tommzn/go-log/context.go:24.74,26.3 1 1
github.com/tommzn/go-log/context.go:32.52,34.67 1 1
github.com/tommzn/go-log/context.go:34.67,36.3 1 1
github.com/tommzn/go-log/context.go:36.8,38.3 1 1
github.com/tommzn/go-log/context.go:42.80,45.33 2 1
github.com/tommzn/go-log/context.go:48.2,48.37 1 1
github.com/tommzn/go-log/context.go:45.33,47.3 1 1
github.com/tommzn/go-log/context.go:52.46,55.42 2 1
github.com/tommzn/go-log/context.go:58.2,59.34 2 1
github.com/tommzn/go-log/context.go:55.42,57.3 1 1
github.com/tommzn/go-log/context.go:63.42,69.29 5 1
github.com/tommzn/go-log/context.go:74.2,74.30 1 1
github.com/tommzn/go-log/context.go:69.29,70.38 1 1
github.com/tommzn/go-log/context.go:70.38,72.4 1 1
github.com/tommzn/go-log/context.go:79.40,82.51 2 1
github.com/tommzn/go-log/context.go:85.2,85.49 1 1
github.com/tommzn/go-log/context.go:88.2,88.30 1 1
github.com/tommzn/go-log/context.go:82.51,84.3 1 1
github.com/tommzn/go-log/context.go:85.49,87.3 1 1
github.com/tommzn/go-log/loglevel.go:15.13,21.2 5 1
github.com/tommzn/go-log/loglevel.go:24.42,26.2 1 1
github.com/tommzn/go-log/loglevel.go:31.51,33.39 1 1
github.com/tommzn/go-log/loglevel.go:34.15,35.15 1 1
github.com/tommzn/go-log/loglevel.go:36.14,37.14 1 1
github.com/tommzn/go-log/loglevel.go:38.15,39.15 1 1
github.com/tommzn/go-log/loglevel.go:40.10,41.14 1 1
github.com/tommzn/go-log/loglevel.go:47.33,49.2 1 1
github.com/tommzn/go-log/logzio.go:49.93,70.2 9 1
github.com/tommzn/go-log/logzio.go:74.52,78.52 2 1
github.com/tommzn/go-log/logzio.go:82.2,82.31 1 1
github.com/tommzn/go-log/logzio.go:86.2,86.12 1 1
github.com/tommzn/go-log/logzio.go:78.52,80.3 1 1
github.com/tommzn/go-log/logzio.go:82.31,84.3 1 1
github.com/tommzn/go-log/logzio.go:86.12,94.3 5 1
github.com/tommzn/go-log/logzio.go:98.51,99.62 1 1
github.com/tommzn/go-log/logzio.go:99.62,101.3 1 1
github.com/tommzn/go-log/logzio.go:105.39,108.36 2 1
github.com/tommzn/go-log/logzio.go:108.36,112.3 3 1
github.com/tommzn/go-log/logzio.go:117.53,120.9 2 1
github.com/tommzn/go-log/logzio.go:121.31,122.14 1 1
github.com/tommzn/go-log/logzio.go:123.19,124.15 1 1
github.com/tommzn/go-log/logzio.go:129.49,131.61 1 1
github.com/tommzn/go-log/logzio.go:131.61,133.3 1 1
github.com/tommzn/go-log/logzio.go:138.61,142.2 2 1
github.com/tommzn/go-log/logzio.go:146.55,150.40 3 1
github.com/tommzn/go-log/logzio.go:158.2,158.17 1 1
github.com/tommzn/go-log/logzio.go:150.40,151.10 1 1
github.com/tommzn/go-log/logzio.go:152.42,153.40 1 1
github.com/tommzn/go-log/logzio.go:154.20,155.19 1 1
github.com/tommzn/go-log/logzio.go:162.83,170.2 5 1
github.com/tommzn/go-log/logzio.go:173.66,176.16 2 1
github.com/tommzn/go-log/logzio.go:176.16,178.3 1 1
github.com/tommzn/go-log/logzio.go:178.8,178.35 1 1
github.com/tommzn/go-log/logzio.go:178.35,180.38 2 1
github.com/tommzn/go-log/logzio.go:186.3,186.85 1 1
github.com/tommzn/go-log/logzio.go:180.38,182.63 2 1
github.com/tommzn/go-log/logzio.go:182.63,184.5 1 1
github.com/tommzn/go-log/logzio.go:190.51,192.2 1 1
github.com/tommzn/go-log/logzio.go:194.50,195.79 1 1
github.com/tommzn/go-log/logzio.go:195.79,197.3 1 1
github.com/tommzn/go-log/logzio.go:197.8,200.3 2 1
github.com/tommzn/go-log/stdout.go:5.36,7.2 1 1
github.com/tommzn/go-log/stdout.go:10.52,12.2 1 1
github.com/tommzn/go-log/stdout.go:16.39,18.2 1 1
github.com/tommzn/go-log/test_utils.go:15.34,17.2 1 1
github.com/tommzn/go-log/test_utils.go:19.50,21.2 1 1
github.com/tommzn/go-log/test_utils.go:23.37,25.2 1 1
github.com/tommzn/go-log/test_utils.go:34.71,36.2 1 1
github.com/tommzn/go-log/test_utils.go:38.73,41.2 2 1
github.com/tommzn/go-log/test_utils.go:43.56,47.2 3 1
github.com/tommzn/go-log/formatter.go:10.41,12.2 1 1
github.com/tommzn/go-log/formatter.go:15.108,17.2 1 1
github.com/tommzn/go-log/formatter.go:20.44,22.2 1 1
github.com/tommzn/go-log/formatter.go:25.111,35.2 6 1
github.com/tommzn/go-log/log.go:12.86,14.22 1 1
github.com/tommzn/go-log/log.go:17.2,17.20 1 1
github.com/tommzn/go-log/log.go:20.2,25.3 1 1
github.com/tommzn/go-log/log.go:14.22,16.3 1 1
github.com/tommzn/go-log/log.go:17.20,19.3 1 1
github.com/tommzn/go-log/log.go:29.92,36.69 5 1
github.com/tommzn/go-log/log.go:43.2,43.72 1 1
github.com/tommzn/go-log/log.go:48.2,53.3 1 1
github.com/tommzn/go-log/log.go:36.69,38.3 1 1
github.com/tommzn/go-log/log.go:38.8,41.3 2 1
github.com/tommzn/go-log/log.go:43.72,45.3 1 1
github.com/tommzn/go-log/log.go:45.8,47.3 1 1
github.com/tommzn/go-log/logger.go:15.85,17.2 1 1
github.com/tommzn/go-log/logger.go:19.68,21.33 1 1
github.com/tommzn/go-log/logger.go:21.33,23.3 1 1
github.com/tommzn/go-log/logger.go:26.60,28.2 1 1
github.com/tommzn/go-log/logger.go:30.68,32.2 1 1
github.com/tommzn/go-log/logger.go:34.51,36.2 1 1
github.com/tommzn/go-log/logger.go:38.67,40.2 1 1
github.com/tommzn/go-log/logger.go:42.50,44.2 1 1
github.com/tommzn/go-log/logger.go:46.68,48.2 1 1
github.com/tommzn/go-log/logger.go:50.51,52.2 1 1
github.com/tommzn/go-log/logger.go:54.35,56.2 1 1
